[debug] [2020-01-20T06:23:10.370Z] ----------------------------------------------------------------------
[debug] [2020-01-20T06:23:10.376Z] Command:       C:\Program Files\nodejs\node.exe C:\Users\Divesh Singh\AppData\Roaming\npm\node_modules\firebase-tools\lib\bin\firebase.js init firestore
[debug] [2020-01-20T06:23:10.376Z] CLI Version:   7.11.0
[debug] [2020-01-20T06:23:10.376Z] Platform:      win32
[debug] [2020-01-20T06:23:10.376Z] Node Version:  v12.14.1
[debug] [2020-01-20T06:23:10.379Z] Time:          Mon Jan 20 2020 11:53:10 GMT+0530 (India Standard Time)
[debug] [2020-01-20T06:23:10.379Z] ----------------------------------------------------------------------
[debug] [2020-01-20T06:23:10.379Z] 
[debug] [2020-01-20T06:23:10.403Z] > command requires scopes: ["email","openid","https://www.googleapis.com/auth/cloudplatformprojects.readonly","https://www.googleapis.com/auth/firebase","https://www.googleapis.com/auth/cloud-platform"]
[debug] [2020-01-20T06:23:10.405Z] > authorizing via signed-in user
[info] 
     ######## #### ########  ######## ########     ###     ######  ########
     ##        ##  ##     ## ##       ##     ##  ##   ##  ##       ##
     ######    ##  ########  ######   ########  #########  ######  ######
     ##        ##  ##    ##  ##       ##     ## ##     ##       ## ##
     ##       #### ##     ## ######## ########  ##     ##  ######  ########

You're about to initialize a Firebase project in this directory:

  C:\

Before we get started, keep in mind:

  * You are currently outside your home directory
  * You are initializing in an existing Firebase project directory

[info] 
=== Project Setup
[info] 
[info] First, let's associate this project directory with a Firebase project.
[info] You can create multiple project aliases by running firebase use --add, 
[info] but for now we'll just set up a default project.
[info] 
[info] i  .firebaserc already has a default project, using petrol-pump-website.
[debug] [2020-01-20T06:23:14.777Z] > refreshing access token with scopes: ["email","https://www.googleapis.com/auth/cloud-platform","https://www.googleapis.com/auth/cloudplatformprojects.readonly","https://www.googleapis.com/auth/firebase","openid"]
[debug] [2020-01-20T06:23:14.777Z] >>> HTTP REQUEST POST https://www.googleapis.com/oauth2/v3/token  
 <request body omitted>
[debug] [2020-01-20T06:23:15.121Z] <<< HTTP RESPONSE 200
[debug] [2020-01-20T06:23:15.138Z] >>> HTTP REQUEST GET https://firebase.googleapis.com/v1beta1/projects/petrol-pump-website  
 
[debug] [2020-01-20T06:23:16.125Z] <<< HTTP RESPONSE 403
[debug] [2020-01-20T06:23:16.125Z] <<< HTTP RESPONSE BODY
[debug] [2020-01-20T06:23:16.128Z] HTTP Error: 403, The caller does not have permission
[debug] [2020-01-20T06:23:16.337Z] FirebaseError: HTTP Error: 403, The caller does not have permission
    at module.exports (C:\Users\Divesh Singh\AppData\Roaming\npm\node_modules\firebase-tools\lib\responseToError.js:38:12)
    at Request._callback (C:\Users\Divesh Singh\AppData\Roaming\npm\node_modules\firebase-tools\lib\api.js:39:35)
    at Request.self.callback (C:\Users\Divesh Singh\AppData\Roaming\npm\node_modules\firebase-tools\node_modules\request\request.js:185:22)
    at Request.emit (events.js:223:5)
    at Request.EventEmitter.emit (domain.js:475:20)
    at Request.<anonymous> (C:\Users\Divesh Singh\AppData\Roaming\npm\node_modules\firebase-tools\node_modules\request\request.js:1161:10)
    at Request.emit (events.js:223:5)
    at Request.EventEmitter.emit (domain.js:475:20)
    at IncomingMessage.<anonymous> (C:\Users\Divesh Singh\AppData\Roaming\npm\node_modules\firebase-tools\node_modules\request\request.js:1083:12)
    at Object.onceWrapper (events.js:312:28)
    at IncomingMessage.emit (events.js:228:7)
    at IncomingMessage.EventEmitter.emit (domain.js:475:20)
    at endReadableNT (_stream_readable.js:1185:12)
    at processTicksAndRejections (internal/process/task_queues.js:81:21)
[error] 
[error] Error: Failed to get Firebase project petrol-pump-website. Please make sure the project exists and your account has permission to access it.
